<?xml version="1.0" encoding="UTF-8"?>
<testsuite xmlns:xsi="http://www.w3.org/2001/XMLSchema-instance" xsi:noNamespaceSchemaLocation="https://maven.apache.org/surefire/maven-surefire-plugin/xsd/surefire-test-report-3.0.xsd" version="3.0" name="org.adventure.TraitTest" time="0.003" tests="17" errors="0" skipped="0" failures="0">
  <properties>
[...]
</properties>
  <testcase name="testAgileModifiers" classname="org.adventure.TraitTest" time="0"/>
  <testcase name="testAllTraitsHaveUniqueIds" classname="org.adventure.TraitTest" time="0"/>
  <testcase name="testNegativeTraitClumsy" classname="org.adventure.TraitTest" time="0"/>
  <testcase name="testCharismaticProperties" classname="org.adventure.TraitTest" time="0"/>
  <testcase name="testFastLearnerModifiers" classname="org.adventure.TraitTest" time="0"/>
  <testcase name="testHereditaryProperty" classname="org.adventure.TraitTest" time="0"/>
  <testcase name="testCursedModifiers" classname="org.adventure.TraitTest" time="0"/>
  <testcase name="testTraitBasicProperties" classname="org.adventure.TraitTest" time="0"/>
  <testcase name="testTraitEquality" classname="org.adventure.TraitTest" time="0"/>
  <testcase name="testBlessedModifiers" classname="org.adventure.TraitTest" time="0.001"/>
  <testcase name="testTraitDescriptionsNotEmpty" classname="org.adventure.TraitTest" time="0"/>
  <testcase name="testNightVisionProperties" classname="org.adventure.TraitTest" time="0"/>
  <testcase name="testResilientProperties" classname="org.adventure.TraitTest" time="0"/>
  <testcase name="testLuckyProperties" classname="org.adventure.TraitTest" time="0.001"/>
  <testcase name="testLegendaryPotentialModifiers" classname="org.adventure.TraitTest" time="0"/>
  <testcase name="testRobustModifiers" classname="org.adventure.TraitTest" time="0"/>
  <testcase name="testGeniusProperties" classname="org.adventure.TraitTest" time="0"/>
</testsuite>